<?xml version="1.0" encoding="UTF-8"?>
<!-- Generated by org.testng.reporters.JUnitReportReporter -->
<testsuite hostname="Syam" failures="0" tests="1" name="Flipkart.ReddySyam.StandAlonetest" time="14.690" errors="0" timestamp="2023-02-17T18:27:54 IST" skipped="0">
  <testcase classname="Flipkart.ReddySyam.StandAlonetest" name="order" time="14.690"/>
  <system-out/>
</testsuite> <!-- Flipkart.ReddySyam.StandAlonetest -->
